2019-08-02 14:47:12.655 [abc] FATAL mylog - fatal
2019-08-02 14:47:12.657 [abc] ERROR mylog - error
2019-08-02 14:47:12.658 [abc] WARN  mylog - warn
2019-08-02 14:47:12.658 [abc] INFO  mylog - info
2019-08-02 14:47:12.658 [abc] DEBUG mylog - debug
2019-08-02 14:47:12.658 [abc] TRACE mylog - trace
2019-08-02 14:47:15.938 [abc] FATAL mylog - fatal
2019-08-02 14:47:15.939 [abc] ERROR mylog - error
2019-08-02 14:47:15.939 [abc] WARN  mylog - warn
2019-08-02 14:47:15.939 [abc] INFO  mylog - info
2019-08-02 14:47:15.940 [abc] DEBUG mylog - debug
2019-08-02 14:47:15.940 [abc] TRACE mylog - trace
2019-08-02 14:47:18.018 [abc] FATAL mylog - fatal
2019-08-02 14:47:18.019 [abc] ERROR mylog - error
2019-08-02 14:47:18.020 [abc] WARN  mylog - warn
2019-08-02 14:47:18.020 [abc] INFO  mylog - info
2019-08-02 14:47:18.020 [abc] DEBUG mylog - debug
2019-08-02 14:47:18.020 [abc] TRACE mylog - trace
2019-08-02 14:47:20.148 [abc] FATAL mylog - fatal
2019-08-02 14:47:20.150 [abc] ERROR mylog - error
2019-08-02 14:47:20.150 [abc] WARN  mylog - warn
2019-08-02 14:47:20.150 [abc] INFO  mylog - info
2019-08-02 14:47:20.150 [abc] DEBUG mylog - debug
2019-08-02 14:47:20.150 [abc] TRACE mylog - trace
2019-08-02 14:47:25.090 [abc] FATAL mylog - fatal
2019-08-02 14:47:25.092 [abc] ERROR mylog - error
2019-08-02 14:47:25.092 [abc] WARN  mylog - warn
2019-08-02 14:47:25.092 [abc] INFO  mylog - info
2019-08-02 14:47:25.092 [abc] DEBUG mylog - debug
2019-08-02 14:47:25.092 [abc] TRACE mylog - trace
2019-08-02 14:47:26.798 [abc] FATAL mylog - fatal
2019-08-02 14:47:26.800 [abc] ERROR mylog - error
2019-08-02 14:47:26.800 [abc] WARN  mylog - warn
2019-08-02 14:47:26.800 [abc] INFO  mylog - info
2019-08-02 14:47:26.800 [abc] DEBUG mylog - debug
2019-08-02 14:47:26.800 [abc] TRACE mylog - trace
